The following packages should be updated for best compatibility with the installed expo version:
  @react-native-async-storage/async-storage@3.0.2 - expected version: 2.2.0
Your project may not work correctly until you install the expected versions of the packages.
λ  WARN  [Layout children]: No route named "claim/manual" exists in nested children: [
  '+not-found',
  'index',
  'modal',
  '(auth)/otp',
  '(auth)/register',
  '(auth)/slot-select',
  '(auth)/zone-select',
  '(tabs)',
  'policy/payment',
  'policy/select'
] 
  console.warn (D:\Guidewire\mobile\node_modules\expo\node_modules\@expo\cli\src\start\server\serverLogLikeMetro.ts:161:21)
  map (D:\Guidewire\mobile\node_modules\expo-router\build\useScreens.js:69:21)
  getSortedChildren (D:\Guidewire\mobile\node_modules\expo-router\build\useScreens.js:62:10)
  useSortedScreens (D:\Guidewire\mobile\node_modules\expo-router\build\useScreens.js:121:38)
  Component (D:\Guidewire\mobile\node_modules\expo-router\build\layouts\withLayoutContext.js:151:57)
  Object.callComponentInDEV [as react-stack-bottom-frame] (D:\Guidewire\mobile\node_modules\react-dom\cjs\react-dom-server-legacy.node.development.js:8970:18)
  renderWithHooks (D:\Guidewire\mobile\node_modules\react-dom\cjs\react-dom-server-legacy.node.development.js:4699:19)
  run (D:\Guidewire\mobile\node_modules\react-dom\cjs\react-dom-server-legacy.node.development.js:5539:39)
  retryNode (D:\Guidewire\mobile\node_modules\react-dom\cjs\react-dom-server-legacy.node.development.js:5899:31)
λ  WARN  [Layout children]: No route named "claim/camera" exists in nested children: [
  '+not-found',
  'index',
  'modal',
  '(auth)/otp',
  '(auth)/register',
  '(auth)/slot-select',
  '(auth)/zone-select',
  '(tabs)',
  'policy/payment',
  'policy/select'
] 
  console.warn (D:\Guidewire\mobile\node_modules\expo\node_modules\@expo\cli\src\start\server\serverLogLikeMetro.ts:161:21)
  map (D:\Guidewire\mobile\node_modules\expo-router\build\useScreens.js:69:21)
  getSortedChildren (D:\Guidewire\mobile\node_modules\expo-router\build\useScreens.js:62:10)
  useSortedScreens (D:\Guidewire\mobile\node_modules\expo-router\build\useScreens.js:121:38)
  Component (D:\Guidewire\mobile\node_modules\expo-router\build\layouts\withLayoutContext.js:151:57)
  Object.callComponentInDEV [as react-stack-bottom-frame] (D:\Guidewire\mobile\node_modules\react-dom\cjs\react-dom-server-legacy.node.development.js:8970:18)
  renderWithHooks (D:\Guidewire\mobile\node_modules\react-dom\cjs\react-dom-server-legacy.node.development.js:4699:19)
  run (D:\Guidewire\mobile\node_modules\react-dom\cjs\react-dom-server-legacy.node.development.js:5539:39)
  retryNode (D:\Guidewire\mobile\node_modules\react-dom\cjs\react-dom-server-legacy.node.development.js:5899:31)
Error: Cannot pipe to a closed or destroyed stream
    at pipelineImpl (node:internal/streams/pipeline:264:15)
    at node:stream/promises:31:5
    at new Promise (<anonymous>)
    at pipeline (node:stream/promises:20:10)
    at respond (D:\Guidewire\mobile\node_modules\expo-server\src\vendor\http.ts:138:19)
    at D:\Guidewire\mobile\node_modules\expo-server\src\vendor\http.ts:68:13
    at processTicksAndRejections (node:internal/process/task_queues:103:5)
^C