
> mobile@1.0.0 start
> expo start --lan

Starting project at D:\Guidewire\mobile
Starting Metro Bundler
Waiting on http://localhost:8081
Logs for your project will appear below.
Web node_modules\expo-router\entry.js ░░░░░░░░░░░░░░░░  0.0% (0/1)
Web node_modules\expo-router\entry.js ▓▓▓░░░░░░░░░░░░░ 19.1% ( 7/16)
λ node_modules\expo-router\node\render.js ░░░░░░░░░░░░░░░░  4.0% ( 2/15)
Web node_modules\expo-router\entry.js ▓▓▓▓▓░░░░░░░░░░░ 31.6% (16/89)
λ node_modules\expo-router\node\render.js ░░░░░░░░░░░░░░░░  5.4% ( 42/199)
Web node_modules\expo-router\entry.js ▓▓▓▓▓░░░░░░░░░░░ 31.6% (18/99)
λ node_modules\expo-router\node\render.js ▓░░░░░░░░░░░░░░░  8.4% ( 68/234)
Web node_modules\expo-router\entry.js ▓▓▓▓▓░░░░░░░░░░░ 31.6% ( 23/102)
λ node_modules\expo-router\node\render.js ▓▓░░░░░░░░░░░░░░ 16.2% (130/329)
Web node_modules\expo-router\entry.js ▓▓▓▓▓░░░░░░░░░░░ 31.6% ( 95/185)
λ node_modules\expo-router\node\render.js ▓▓░░░░░░░░░░░░░░ 17.5% (138/330)
Web node_modules\expo-router\entry.js ▓▓▓▓▓░░░░░░░░░░░ 31.6% ( 99/189)
λ node_modules\expo-router\node\render.js ▓▓▓▓░░░░░░░░░░░░ 26.4% (206/401)
Web node_modules\expo-router\entry.js ▓▓▓▓▓░░░░░░░░░░░ 33.2% (131/231)
λ node_modules\expo-router\node\render.js ▓▓▓▓▓▓░░░░░░░░░░ 43.3% (326/496)
Web node_modules\expo-router\entry.js ▓▓▓▓▓▓▓▓░░░░░░░░ 51.3% (198/329)
λ node_modules\expo-router\node\render.js ▓▓▓▓▓▓▓▓▓░░░░░░░ 58.1% (414/564)
Web node_modules\expo-router\entry.js ▓▓▓▓▓▓▓▓░░░░░░░░ 51.3% (198/329)
λ node_modules\expo-router\node\render.js ▓▓▓▓▓▓▓▓▓░░░░░░░ 58.4% (457/598)
Web node_modules\expo-router\entry.js ▓▓▓▓▓▓▓▓░░░░░░░░ 51.3% (252/389)
λ node_modules\expo-router\node\render.js ▓▓▓▓▓▓▓▓▓▓░░░░░░ 63.4% (492/618)
Web node_modules\expo-router\entry.js ▓▓▓▓▓▓▓▓░░░░░░░░ 51.3% (292/460)
λ node_modules\expo-router\node\render.js ▓▓▓▓▓▓▓▓▓▓▓░░░░░ 69.4% (523/628)
Web node_modules\expo-router\entry.js ▓▓▓▓▓▓▓▓░░░░░░░░ 51.3% (348/506)
λ node_modules\expo-router\node\render.js ▓▓▓▓▓▓▓▓▓▓▓░░░░░ 72.7% (613/720)
Web node_modules\expo-router\entry.js ▓▓▓▓▓▓▓▓▓░░░░░░░ 62.0% (472/628)
λ node_modules\expo-router\node\render.js ▓▓▓▓▓▓▓▓▓▓▓▓░░░░ 76.7% (650/742)
Web node_modules\expo-router\entry.js ▓▓▓▓▓▓▓▓▓▓▓░░░░░ 72.3% (562/661)
λ node_modules\expo-router\node\render.js ▓▓▓▓▓▓▓▓▓▓▓▓▓▓░░ 88.9% (728/772)
Web node_modules\expo-router\entry.js ▓▓▓▓▓▓▓▓▓▓▓▓░░░░ 75.6% (627/722)
λ node_modules\expo-router\node\render.js ▓▓▓▓▓▓▓▓▓▓▓▓▓▓░░ 93.3% (761/818)
Web node_modules\expo-router\entry.js ▓▓▓▓▓▓▓▓▓▓▓▓▓▓▓░ 96.0% (834/869)
λ node_modules\expo-router\node\render.js ▓▓▓▓▓▓▓▓▓▓▓▓▓▓▓░ 98.6% (871/877)
λ Bundled 57723ms node_modules\expo-router\node\render.js (895 modules)
Web node_modules\expo-router\entry.js ▓▓▓▓▓▓▓▓▓▓▓▓▓▓▓░ 99.9% (881/881)
Web Bundled 62797ms node_modules\expo-router\entry.js (881 modules)
Web node_modules\expo-router\entry.js ▓▓▓▓▓▓▓▓▓▓▓▓▓▓▓░ 99.9% (881/881)
